#
# There is insufficient memory for the Java Runtime Environment to continue.
# Native memory allocation (mmap) failed to map 268435456 bytes for G1 virtual space
# Possible reasons:
#   The system is out of physical RAM or swap space
#   The process is running with CompressedOops enabled, and the Java Heap may be blocking the growth of the native heap
# Possible solutions:
#   Reduce memory load on the system
#   Increase physical memory or swap space
#   Check if swap backing store is full
#   Decrease Java heap size (-Xmx/-Xms)
#   Decrease number of Java threads
#   Decrease Java thread stack sizes (-Xss)
#   Set larger code cache with -XX:ReservedCodeCacheSize=
#   JVM is running with Unscaled Compressed Oops mode in which the Java heap is
#     placed in the first 4GB address space. The Java Heap base address is the
#     maximum limit for the native heap growth. Please use -XX:HeapBaseMinAddress
#     to set the Java Heap base and to place the Java Heap above 4GB virtual address.
# This output file may be truncated or incomplete.
#
#  Out of Memory Error (os_windows.cpp:3530), pid=19204, tid=15336
#
# JRE version:  (18.0.2+9) (build )
# Java VM: OpenJDK 64-Bit Server VM (18.0.2+9-FR, mixed mode, sharing, tiered, compressed oops, compressed class ptrs, g1 gc, windows-amd64)
# No core dump will be written. Minidumps are not enabled by default on client versions of Windows
#

---------------  S U M M A R Y ------------

Command Line: -Dorg.gradle.internal.worker.tmpdir=D:\ProjectsForHexlet\homework\hexlet-assignments\java-oop-ru\inheritance\build\tmp\test\work -Dorg.gradle.native=false -Xmx512m -Dfile.encoding=windows-1251 -Duser.country=RU -Duser.language=ru -Duser.variant -ea worker.org.gradle.process.internal.worker.GradleWorkerMain 'Gradle Test Executor 2'

Host: Intel(R) Core(TM) i7-8550U CPU @ 1.80GHz, 8 cores, 15G,  Windows 10 , 64 bit Build 19041 (10.0.19041.1)
Time: Mon Apr 24 16:48:31 2023 RTZ 2 (s 10 , 64 bit Build 19041 (10.0.19041.1) elapsed time: 0.009228 seconds (0d 0h 0m 0s)

---------------  T H R E A D  ---------------

Current thread (0x0000026a0cea6540):  JavaThread "Unknown thread" [_thread_in_vm, id=15336, stack(0x000000a303500000,0x000000a303600000)]

Stack: [0x000000a303500000,0x000000a303600000]
Native frames: (J=compiled Java code, j=interpreted, Vv=VM code, C=native code)
V  [jvm.dll+0x685a2a]
V  [jvm.dll+0x82ae8d]
V  [jvm.dll+0x82c75e]
V  [jvm.dll+0x82ce03]
V  [jvm.dll+0x25ef4b]
V  [jvm.dll+0x6828ca]
V  [jvm.dll+0x67745a]
V  [jvm.dll+0x3243f9]
V  [jvm.dll+0x32ba86]
V  [jvm.dll+0x37e00a]
V  [jvm.dll+0x37e24f]
V  [jvm.dll+0x2fb50a]
V  [jvm.dll+0x2fc581]
V  [jvm.dll+0x7fb300]
V  [jvm.dll+0x38af71]
V  [jvm.dll+0x7dab95]
V  [jvm.dll+0x4058f3]
V  [jvm.dll+0x4072b1]
C  [jli.dll+0x519f]
C  [ucrtbase.dll+0x21542]
C  [KERNEL32.DLL+0x16fd4]
C  [ntdll.dll+0x4cf31]


---------------  P R O C E S S  ---------------

Threads class SMR info:
_java_thread_list=0x00007ffad52d9610, length=0, elements={
}

Java Threads: ( => current thread )

Other Threads:
  0x0000026a0cedb050 WorkerThread "GC Thread#0" [stack: 0x000000a303600000,0x000000a303700000] [id=9388]
  0x0000026a0cedfe90 ConcurrentGCThread "G1 Main Marker" [stack: 0x000000a303700000,0x000000a303800000] [id=15840]
  0x0000026a0cee1fe0 WorkerThread "G1 Conc#0" [stack: 0x000000a303800000,0x000000a303900000] [id=14312]

[error occurred during error reporting (printing all threads), id 0xc0000005, EXCEPTION_ACCESS_VIOLATION (0xc0000005) at pc=0x00007ffad4aac5c7]

VM state: not at safepoint (not fully initialized)

VM Mutex/Monitor currently owned by a thread:  ([mutex/lock_event])
[0x0000026a0cea3610] Heap_lock - owner thread: 0x0000026a0cea6540

Heap address: 0x00000000e0000000, size: 512 MB, Compressed Oops mode: 32-bit

CDS archive(s) mapped at: [0x0000000000000000-0x0000000000000000-0x0000000000000000), size 0, SharedBaseAddress: 0x0000000800000000, ArchiveRelocationMode: 0.
Narrow klass base: 0x0000000000000000, Narrow klass shift: 0, Narrow klass range: 0x0

GC Precious Log:
 CardTable entry size: 512
 Card Set container configuration: InlinePtr #cards 5 size 8 Array Of Cards #cards 12 size 40 Howl #buckets 4 coarsen threshold 1843 Howl Bitmap #cards 512 size 80 coarsen threshold 460 Card regions per heap region 1 cards per card region 2048

Heap:
 garbage-first heap   total 0K, used 0K [0x00000000e0000000, 0x0000000100000000)
  region size 1024K, 0 young (0K), 0 survivors (0K)

[error occurred during error reporting (printing heap information), id 0xc0000005, EXCEPTION_ACCESS_VIOLATION (0xc0000005) at pc=0x00007ffad4e7d5a9]

GC Heap History (0 events):
No events

Deoptimization events (0 events):
No events

Classes loaded (0 events):
No events

Classes unloaded (0 events):
No events

Classes redefined (0 events):
No events

Internal exceptions (0 events):
No events

VM Operations (0 events):
No events

Events (1 events):
Event: 0.005 Loaded shared library C:\Users\gvrub\.jdks\corretto-18.0.2\bin\java.dll


Dynamic libraries:
0x00007ff6a6a50000 - 0x00007ff6a6a5d000 	C:\Users\gvrub\.jdks\corretto-18.0.2\bin\java.exe
0x00007ffb31570000 - 0x00007ffb31764000 	C:\WINDOWS\SYSTEM32\ntdll.dll
0x00007ffb301e0000 - 0x00007ffb3029d000 	C:\WINDOWS\System32\KERNEL32.DLL
0x00007ffb2f1c0000 - 0x00007ffb2f487000 	C:\WINDOWS\System32\KERNELBASE.dll
0x00007ffb2ed50000 - 0x00007ffb2ee50000 	C:\WINDOWS\System32\ucrtbase.dll
0x00007ffb11b90000 - 0x00007ffb11ba5000 	C:\Users\gvrub\.jdks\corretto-18.0.2\bin\VCRUNTIME140.dll
0x00007ffb11d80000 - 0x00007ffb11d97000 	C:\Users\gvrub\.jdks\corretto-18.0.2\bin\jli.dll
0x00007ffb30900000 - 0x00007ffb30aa0000 	C:\WINDOWS\System32\USER32.dll
0x00007ffb16050000 - 0x00007ffb162ea000 	C:\WINDOWS\WinSxS\amd64_microsoft.windows.common-controls_6595b64144ccf1df_6.0.19041.1_none_b555e41d4684ddec\COMCTL32.dll
0x00007ffb2f5a0000 - 0x00007ffb2f5c2000 	C:\WINDOWS\System32\win32u.dll
0x00007ffb30860000 - 0x00007ffb308fe000 	C:\WINDOWS\System32\msvcrt.dll
0x00007ffb2ff10000 - 0x00007ffb2ff3a000 	C:\WINDOWS\System32\GDI32.dll
0x00007ffb2f490000 - 0x00007ffb2f59a000 	C:\WINDOWS\System32\gdi32full.dll
0x00007ffb2ecb0000 - 0x00007ffb2ed4d000 	C:\WINDOWS\System32\msvcp_win.dll
0x00007ffb30aa0000 - 0x00007ffb30ad0000 	C:\WINDOWS\System32\IMM32.DLL
0x00007ffafbe60000 - 0x00007ffafbefb000 	C:\Users\gvrub\.jdks\corretto-18.0.2\bin\msvcp140.dll
0x00007ffad47a0000 - 0x00007ffad5411000 	C:\Users\gvrub\.jdks\corretto-18.0.2\bin\server\jvm.dll
0x00007ffb30e70000 - 0x00007ffb30f1a000 	C:\WINDOWS\System32\ADVAPI32.dll
0x00007ffb30d40000 - 0x00007ffb30ddb000 	C:\WINDOWS\System32\sechost.dll
0x00007ffb31040000 - 0x00007ffb31163000 	C:\WINDOWS\System32\RPCRT4.dll
0x00007ffb2ff00000 - 0x00007ffb2ff08000 	C:\WINDOWS\System32\PSAPI.DLL
0x00007ffb1e050000 - 0x00007ffb1e059000 	C:\WINDOWS\SYSTEM32\WSOCK32.dll
0x00007ffb1dd50000 - 0x00007ffb1dd77000 	C:\WINDOWS\SYSTEM32\WINMM.dll
0x00007ffb28460000 - 0x00007ffb2846a000 	C:\WINDOWS\SYSTEM32\VERSION.dll
0x00007ffb30380000 - 0x00007ffb303eb000 	C:\WINDOWS\System32\WS2_32.dll
0x00007ffb2d5d0000 - 0x00007ffb2d5e3000 	C:\WINDOWS\SYSTEM32\kernel.appcore.dll
0x00007ffb15b60000 - 0x00007ffb15b6a000 	C:\Users\gvrub\.jdks\corretto-18.0.2\bin\jimage.dll
0x00007ffb2caf0000 - 0x00007ffb2ccd4000 	C:\WINDOWS\SYSTEM32\DBGHELP.DLL
0x00007ffb23ac0000 - 0x00007ffb23aec000 	C:\WINDOWS\SYSTEM32\dbgcore.DLL
0x00007ffb2ee80000 - 0x00007ffb2eeff000 	C:\WINDOWS\System32\bcryptPrimitives.dll
0x00007ffb118f0000 - 0x00007ffb11915000 	C:\Users\gvrub\.jdks\corretto-18.0.2\bin\java.dll

dbghelp: loaded successfully - version: 4.0.5 - missing functions: none
symbol engine: initialized successfully - sym options: 0x614 - pdb path: .;C:\Users\gvrub\.jdks\corretto-18.0.2\bin;C:\WINDOWS\SYSTEM32;C:\WINDOWS\WinSxS\amd64_microsoft.windows.common-controls_6595b64144ccf1df_6.0.19041.1_none_b555e41d4684ddec;C:\Users\gvrub\.jdks\corretto-18.0.2\bin\server

VM Arguments:
jvm_args: -Dorg.gradle.internal.worker.tmpdir=D:\ProjectsForHexlet\homework\hexlet-assignments\java-oop-ru\inheritance\build\tmp\test\work -Dorg.gradle.native=false -Xmx512m -Dfile.encoding=windows-1251 -Duser.country=RU -Duser.language=ru -Duser.variant -ea 
java_command: worker.org.gradle.process.internal.worker.GradleWorkerMain 'Gradle Test Executor 2'
java_class_path (initial): C:\\Users\\gvrub\\.gradle\\caches\\7.6.1\\workerMain\\gradle-worker.jar;D:\\ProjectsForHexlet\\homework\\hexlet-assignments\\java-oop-ru\\inheritance\\build\\classes\\java\\test;D:\\ProjectsForHexlet\\homework\\hexlet-assignments\\java-oop-ru\\inheritance\\build\\classes\\java\\main;C:\\Users\\gvrub\\.gradle\\caches\\modules-2\\files-2.1\\org.junit.jupiter\\junit-jupiter-engine\\5.8.0-M1\\7c9a3128baf19144a4dceb1d02e697384db8b2b4\\junit-jupiter-engine-5.8.0-M1.jar;C:\\Users\\gvrub\\.gradle\\caches\\modules-2\\files-2.1\\org.junit.jupiter\\junit-jupiter-api\\5.8.0-M1\\6d6a0e5ee7373eaebba6a7357c36a468e490b47b\\junit-jupiter-api-5.8.0-M1.jar;C:\\Users\\gvrub\\.gradle\\caches\\modules-2\\files-2.1\\org.junit.platform\\junit-platform-engine\\1.8.0-M1\\ec6b09bebb1f08ab88ac3067e84a2c37abac0f47\\junit-platform-engine-1.8.0-M1.jar;C:\\Users\\gvrub\\.gradle\\caches\\modules-2\\files-2.1\\org.junit.platform\\junit-platform-commons\\1.8.0-M1\\606bc745051c0c2a608700d91a40d8a94698cdab\\junit-platform-commons-1.8.0-M1.jar;C:\\Users\\gvrub\\.gradle\\caches\\modules-2\\files-2.1\\org.junit.jupiter\\junit-jupiter-params\\5.8.0-M1\\a0fbbbce7fc2989a31d4be5a3db08e5530932e18\\junit-jupiter-params-5.8.0-M1.jar;C:\\Users\\gvrub\\.gradle\\caches\\modules-2\\files-2.1\\org.assertj\\assertj-core\\3.19.0\\f64cb5690b85e68d5e1e6c6152bfb6e3840a452d\\assertj-core-3.19.0.jar;C:\\Users\\gvrub\\.gradle\\caches\\modules-2\\files-2.1\\org.apiguardian\\apiguardian-api\\1.1.1\\7ea550039f115fcc40990925490b8ebd4b93024a\\apiguardian-api-1.1.1.jar;C:\\Users\\gvrub\\.gradle\\caches\\modules-2\\files-2.1\\org.jetbrains.kotlin\\kotlin-stdlib-jdk8\\1.4.20\\756521338269950c2a276f1abe6fef8e1a5e5528\\kotlin-stdlib-jdk8-1.4.20.jar;C:\\Users\\gvrub\\.gradle\\caches\\modules-2\\files-2.1\\org.opentest4j\\opentest4j\\1.2.0\\28c11eb91f9b6d8e200631d46e20a7f407f2a046\\opentest4j-1.2.0.jar;C:\\Users\\gvrub\\.gradle\\caches\\modules-2\\files-2.1\\org.jetbrains.kotlin\\kotlin-stdlib-jdk7\\1.4.20\\9de2c79e95d4b4699a455e88ba285a95352e0bea\\kotlin-stdlib-jdk7-1.4.20.jar;C:\\Users\\gvrub\\.gradle\\caches\\modules-2\\files-2.1\\org.jetbrains.kotlin\\kotlin-stdlib\\1.4.20\\9be77b243a362b745e365f286627b8724337009c\\kotlin-stdlib-1.4.20.jar;C:\\Users\\gvrub\\.gradle\\caches\\modules-2\\files-2.1\\org.jetbrains.kotlin\\kotlin-stdlib-common\\1.4.20\\c6761d7805b5312302f2bbd78cda68c976ce0c70\\kotlin-stdlib-common-1.4.20.jar;C:\\Users\\gvrub\\.gradle\\caches\\modules-2\\files-2.1\\org.jetbrains\\annotations\\13.0\\919f0dfe192fb4e063e7dacadee7f8bb9a2672a9\\annotations-13.0.jar
Launcher Type: SUN_STANDARD

[Global flags]
     intx CICompilerCount                          = 4                                         {product} {ergonomic}
     uint ConcGCThreads                            = 2                                         {product} {ergonomic}
     uint G1ConcRefinementThreads                  = 8                                         {product} {ergonomic}
   size_t G1HeapRegionSize                         = 1048576                                   {product} {ergonomic}
    uintx GCDrainStackTargetSize                   = 64                                        {product} {ergonomic}
   size_t InitialHeapSize                          = 268435456                                 {product} {ergonomic}
   size_t MarkStackSize                            = 4194304                                   {product} {ergonomic}
   size_t MaxHeapSize                              = 536870912                                 {product} {command line}
   size_t MinHeapDeltaBytes                        = 1048576                                   {product} {ergonomic}
   size_t MinHeapSize                              = 8388608                                   {product} {ergonomic}
    uintx NonNMethodCodeHeapSize                   = 5839372                                {pd product} {ergonomic}
    uintx NonProfiledCodeHeapSize                  = 122909434                              {pd product} {ergonomic}
    uintx ProfiledCodeHeapSize                     = 122909434                              {pd product} {ergonomic}
    uintx ReservedCodeCacheSize                    = 251658240                              {pd product} {ergonomic}
     bool SegmentedCodeCache                       = true                                      {product} {ergonomic}
   size_t SoftMaxHeapSize                          = 536870912                              {manageable} {ergonomic}
     bool UseCompressedClassPointers               = true                           {product lp64_product} {ergonomic}
     bool UseCompressedOops                        = true                           {product lp64_product} {ergonomic}
     bool UseG1GC                                  = true                                      {product} {ergonomic}
     bool UseLargePagesIndividualAllocation        = false                                  {pd product} {ergonomic}

Logging:
Log output configuration:
 #0: stdout all=warning uptime,level,tags foldmultilines=false
 #1: stderr all=off uptime,level,tags foldmultilines=false

Environment Variables:
PATH=C:\WINDOWS\system32;C:\WINDOWS;C:\WINDOWS\System32\Wbem;C:\WINDOWS\System32\WindowsPowerShell\v1.0\;C:\WINDOWS\System32\OpenSSH\;C:\Program Files\Git\cmd;C:\Users\gvrub\AppData\Local\Microsoft\WindowsApps;
USERNAME=gvrub
OS=Windows_NT
PROCESSOR_IDENTIFIER=Intel64 Family 6 Model 142 Stepping 10, GenuineIntel



---------------  S Y S T E M  ---------------

OS:
 Windows 10 , 64 bit Build 19041 (10.0.19041.1)
OS uptime: 7 days 16:42 hours
Hyper-V role detected

CPU: total 8 (initial active 8) (4 cores per cpu, 2 threads per core) family 6 model 142 stepping 10 microcode 0xf0, cx8, cmov, fxsr, ht, mmx, 3dnowpref, sse, sse2, sse3, ssse3, sse4.1, sse4.2, popcnt, lzcnt, tsc, tscinvbit, avx, avx2, aes, erms, clmul, bmi1, bmi2, adx, fma, vzeroupper, clflush, clflushopt, hv

Memory: 4k page, system-wide physical 16281M (1267M free)
TotalPageFile size 24569M (AvailPageFile size 251M)
current process WorkingSet (physical memory assigned to process): 10M, peak: 10M
current process commit charge ("private bytes"): 59M, peak: 315M

vm_info: OpenJDK 64-Bit Server VM (18.0.2+9-FR) for windows-amd64 JRE (18.0.2+9-FR), built on Jul 15 2022 20:03:03 by "Administrator" with MS VC++ 15.9 (VS2017)

END.
